#
# There is insufficient memory for the Java Runtime Environment to continue.
# Native memory allocation (malloc) failed to allocate 54656 bytes for Chunk::new
# Possible reasons:
#   The system is out of physical RAM or swap space
#   The process is running with CompressedOops enabled, and the Java Heap may be blocking the growth of the native heap
# Possible solutions:
#   Reduce memory load on the system
#   Increase physical memory or swap space
#   Check if swap backing store is full
#   Decrease Java heap size (-Xmx/-Xms)
#   Decrease number of Java threads
#   Decrease Java thread stack sizes (-Xss)
#   Set larger code cache with -XX:ReservedCodeCacheSize=
#   JVM is running with Unscaled Compressed Oops mode in which the Java heap is
#     placed in the first 4GB address space. The Java Heap base address is the
#     maximum limit for the native heap growth. Please use -XX:HeapBaseMinAddress
#     to set the Java Heap base and to place the Java Heap above 4GB virtual address.
# This output file may be truncated or incomplete.
#
#  Out of Memory Error (allocation.cpp:389), pid=22684, tid=0x0000000000005594
#
# JRE version: Java(TM) SE Runtime Environment (8.0_341-b10) (build 1.8.0_341-b10)
# Java VM: Java HotSpot(TM) 64-Bit Server VM (25.341-b10 mixed mode windows-amd64 compressed oops)
# Failed to write core dump. Minidumps are not enabled by default on client versions of Windows
#

---------------  T H R E A D  ---------------

Current thread (0x0000024455917800):  JavaThread "C2 CompilerThread0" daemon [_thread_in_native, id=21908, stack(0x000000ce76200000,0x000000ce76300000)]

Stack: [0x000000ce76200000,0x000000ce76300000]
Native frames: (J=compiled Java code, j=interpreted, Vv=VM code, C=native code)
V  [jvm.dll+0x32fa99]
V  [jvm.dll+0x275ff2]
V  [jvm.dll+0x276c9d]
V  [jvm.dll+0x26d645]
V  [jvm.dll+0xd583c]
V  [jvm.dll+0xd603c]
V  [jvm.dll+0x453fe2]
V  [jvm.dll+0x48f09d]
V  [jvm.dll+0x443428]
V  [jvm.dll+0x440e1b]
V  [jvm.dll+0x42bceb]
V  [jvm.dll+0xac68b]
V  [jvm.dll+0xaaceb]
V  [jvm.dll+0x23e542]
V  [jvm.dll+0x292d2c]
C  [ucrtbase.dll+0x26c0c]
C  [KERNEL32.DLL+0x15550]
C  [ntdll.dll+0x485b]


Current CompileTask:
C2:107209493  389       4       java.util.HashMap::getNode (148 bytes)


---------------  P R O C E S S  ---------------

Java Threads: ( => current thread )
  0x000002443ebe0000 JavaThread "DestroyJavaVM" [_thread_blocked, id=15468, stack(0x000000ce75400000,0x000000ce75500000)]
  0x000002445729d800 JavaThread "AWT-EventQueue-0" [_thread_blocked, id=23956, stack(0x000000ce76b00000,0x000000ce76c00000)]
  0x00000244570c8000 JavaThread "AWT-Windows" daemon [_thread_in_native, id=9556, stack(0x000000ce76a00000,0x000000ce76b00000)]
  0x00000244570ae000 JavaThread "AWT-Shutdown" [_thread_blocked, id=22296, stack(0x000000ce76900000,0x000000ce76a00000)]
  0x00000244570ad800 JavaThread "Java2D Disposer" daemon [_thread_blocked, id=8496, stack(0x000000ce76800000,0x000000ce76900000)]
  0x000002445599e800 JavaThread "Service Thread" daemon [_thread_blocked, id=24540, stack(0x000000ce76600000,0x000000ce76700000)]
  0x0000024455927800 JavaThread "C1 CompilerThread3" daemon [_thread_blocked, id=22992, stack(0x000000ce76500000,0x000000ce76600000)]
  0x0000024455922800 JavaThread "C2 CompilerThread2" daemon [_thread_blocked, id=23852, stack(0x000000ce76400000,0x000000ce76500000)]
  0x000002445591d000 JavaThread "C2 CompilerThread1" daemon [_thread_blocked, id=23364, stack(0x000000ce76300000,0x000000ce76400000)]
=>0x0000024455917800 JavaThread "C2 CompilerThread0" daemon [_thread_in_native, id=21908, stack(0x000000ce76200000,0x000000ce76300000)]
  0x0000024455916800 JavaThread "Attach Listener" daemon [_thread_blocked, id=10004, stack(0x000000ce76100000,0x000000ce76200000)]
  0x0000024455913800 JavaThread "Signal Dispatcher" daemon [_thread_blocked, id=24520, stack(0x000000ce76000000,0x000000ce76100000)]
  0x00000244558f1000 JavaThread "Finalizer" daemon [_thread_blocked, id=4544, stack(0x000000ce75f00000,0x000000ce76000000)]
  0x00000244558c9000 JavaThread "Reference Handler" daemon [_thread_blocked, id=24500, stack(0x000000ce75e00000,0x000000ce75f00000)]

Other Threads:
  0x0000024454cfc800 VMThread [stack: 0x000000ce75d00000,0x000000ce75e00000] [id=24016]
  0x0000024456d00000 WatcherThread [stack: 0x000000ce76700000,0x000000ce76800000] [id=21936]

VM state:not at safepoint (normal execution)

VM Mutex/Monitor currently owned by a thread: None

heap address: 0x0000000081600000, size: 2026 MB, Compressed Oops mode: 32-bit
Narrow klass base: 0x0000000000000000, Narrow klass shift: 3
Compressed class space size: 1073741824 Address: 0x0000000100000000

Heap:
 PSYoungGen      total 38400K, used 7525K [0x00000000d5d00000, 0x00000000d8780000, 0x0000000100000000)
  eden space 33280K, 22% used [0x00000000d5d00000,0x00000000d6459728,0x00000000d7d80000)
  from space 5120K, 0% used [0x00000000d8280000,0x00000000d8280000,0x00000000d8780000)
  to   space 5120K, 0% used [0x00000000d7d80000,0x00000000d7d80000,0x00000000d8280000)
 ParOldGen       total 87552K, used 0K [0x0000000081600000, 0x0000000086b80000, 0x00000000d5d00000)
  object space 87552K, 0% used [0x0000000081600000,0x0000000081600000,0x0000000086b80000)
 Metaspace       used 8726K, capacity 8922K, committed 9216K, reserved 1056768K
  class space    used 1070K, capacity 1161K, committed 1280K, reserved 1048576K

Card table byte_map: [0x000002444fa00000,0x000002444fe00000] byte_map_base: 0x000002444f5f5000

Marking Bits: (ParMarkBitMap*) 0x0000000056a19030
 Begin Bits: [0x00000244500b0000, 0x0000024452058000)
 End Bits:   [0x0000024452058000, 0x0000024454000000)

Polling page: 0x000002443edf0000

CodeCache: size=245760Kb used=1878Kb max_used=1886Kb free=243881Kb
 bounds [0x0000024440640000, 0x00000244408b0000, 0x000002444f640000]
 total_blobs=829 nmethods=389 adapters=353
 compilation: enabled

Compilation events (10 events):
Event: 91079.097 Thread 0x0000024455917800  386       4       java.util.HashMap::put (13 bytes)
Event: 91079.099 Thread 0x0000024455917800 nmethod 386 0x000002444080a510 code [0x000002444080a660, 0x000002444080a768]
Event: 107207.544 Thread 0x0000024455927800  387  s    3       sun.awt.windows.WDesktopProperties::setColorProperty (107 bytes)
Event: 107208.411 Thread 0x0000024455927800 nmethod 387 0x0000024440812ed0 code [0x0000024440813120, 0x0000024440814090]
Event: 107208.411 Thread 0x0000024455927800  388       3       java.awt.Color::testColorValueRange (186 bytes)
Event: 107208.420 Thread 0x0000024455927800 nmethod 388 0x0000024440814850 code [0x0000024440814be0, 0x0000024440816de0]
Event: 107208.498 Thread 0x0000024455917800  389       4       java.util.HashMap::getNode (148 bytes)
Event: 107208.498 Thread 0x0000024455922800  390       4       java.util.HashMap$HashIterator::hasNext (13 bytes)
Event: 107208.499 Thread 0x0000024455922800 nmethod 390 0x000002444080a310 code [0x000002444080a440, 0x000002444080a4b8]
Event: 107208.499 Thread 0x0000024455927800  391   !   3       java.awt.Font::equals (132 bytes)

GC Heap History (0 events):
No events

Deoptimization events (0 events):
No events

Classes redefined (0 events):
No events

Internal exceptions (8 events):
Event: 0.026 Thread 0x000002443ebe0000 Exception <a 'java/lang/NoSuchMethodError': Method sun.misc.Unsafe.defineClass(Ljava/lang/String;[BII)Ljava/lang/Class; name or signature does not match> (0x00000000d5d07cc8) thrown at [C:\jenkins\workspace\8-2-build-windows-x64-cygwin\jdk8u341\2692\hotsp
Event: 0.026 Thread 0x000002443ebe0000 Exception <a 'java/lang/NoSuchMethodError': Method sun.misc.Unsafe.prefetchRead(Ljava/lang/Object;J)V name or signature does not match> (0x00000000d5d07fb0) thrown at [C:\jenkins\workspace\8-2-build-windows-x64-cygwin\jdk8u341\2692\hotspot\src\share\vm\pr
Event: 0.109 Thread 0x000002443ebe0000 Exception <a 'java/security/PrivilegedActionException'> (0x00000000d5d87258) thrown at [C:\jenkins\workspace\8-2-build-windows-x64-cygwin\jdk8u341\2692\hotspot\src\share\vm\prims\jvm.cpp, line 1523]
Event: 0.109 Thread 0x000002443ebe0000 Exception <a 'java/security/PrivilegedActionException'> (0x00000000d5d87468) thrown at [C:\jenkins\workspace\8-2-build-windows-x64-cygwin\jdk8u341\2692\hotspot\src\share\vm\prims\jvm.cpp, line 1523]
Event: 0.117 Thread 0x000002443ebe0000 Exception <a 'java/io/FileNotFoundException'> (0x00000000d5d8e888) thrown at [C:\jenkins\workspace\8-2-build-windows-x64-cygwin\jdk8u341\2692\hotspot\src\share\vm\prims\jni.cpp, line 710]
Event: 0.165 Thread 0x000002443ebe0000 Exception <a 'java/lang/NoSuchFieldError': method resolution failed> (0x00000000d5f05ae8) thrown at [C:\jenkins\workspace\8-2-build-windows-x64-cygwin\jdk8u341\2692\hotspot\src\share\vm\prims\methodHandles.cpp, line 1188]
Event: 0.166 Thread 0x000002443ebe0000 Exception <a 'java/lang/NoSuchFieldError': method resolution failed> (0x00000000d5f13190) thrown at [C:\jenkins\workspace\8-2-build-windows-x64-cygwin\jdk8u341\2692\hotspot\src\share\vm\prims\methodHandles.cpp, line 1188]
Event: 0.221 Thread 0x000002443ebe0000 Exception <a 'java/io/FileNotFoundException'> (0x00000000d5faea58) thrown at [C:\jenkins\workspace\8-2-build-windows-x64-cygwin\jdk8u341\2692\hotspot\src\share\vm\prims\jni.cpp, line 710]

Events (10 events):
Event: 0.962 loading class sun/reflect/UnsafeBooleanFieldAccessorImpl
Event: 0.962 loading class sun/reflect/UnsafeBooleanFieldAccessorImpl done
Event: 0.965 loading class java/util/concurrent/locks/LockSupport
Event: 0.965 loading class java/util/concurrent/locks/LockSupport done
Event: 4.126 Executing VM operation: EnableBiasedLocking
Event: 4.126 Executing VM operation: EnableBiasedLocking done
Event: 6.465 loading class java/awt/KeyboardFocusManager$2
Event: 6.465 loading class java/awt/KeyboardFocusManager$2 done
Event: 6.465 loading class sun/awt/SunToolkit$1
Event: 6.465 loading class sun/awt/SunToolkit$1 done


Dynamic libraries:
0x00007ff6ffbf0000 - 0x00007ff6ffc37000 	C:\Program Files\Java\jre1.8.0_341\bin\javaw.exe
0x00007ffcf34e0000 - 0x00007ffcf36e9000 	C:\WINDOWS\SYSTEM32\ntdll.dll
0x00007ffcf1e90000 - 0x00007ffcf1f4e000 	C:\WINDOWS\System32\KERNEL32.DLL
0x00007ffcf09b0000 - 0x00007ffcf0d2b000 	C:\WINDOWS\System32\KERNELBASE.dll
0x00007ffcf23d0000 - 0x00007ffcf247e000 	C:\WINDOWS\System32\ADVAPI32.dll
0x00007ffcf19a0000 - 0x00007ffcf1a43000 	C:\WINDOWS\System32\msvcrt.dll
0x00007ffcf1360000 - 0x00007ffcf13fe000 	C:\WINDOWS\System32\sechost.dll
0x00007ffcf24a0000 - 0x00007ffcf25c0000 	C:\WINDOWS\System32\RPCRT4.dll
0x00007ffcf2ff0000 - 0x00007ffcf319d000 	C:\WINDOWS\System32\USER32.dll
0x00007ffcf10b0000 - 0x00007ffcf10d6000 	C:\WINDOWS\System32\win32u.dll
0x00007ffcf23a0000 - 0x00007ffcf23c9000 	C:\WINDOWS\System32\GDI32.dll
0x00007ffcf0d30000 - 0x00007ffcf0e48000 	C:\WINDOWS\System32\gdi32full.dll
0x00007ffcf12c0000 - 0x00007ffcf135d000 	C:\WINDOWS\System32\msvcp_win.dll
0x00007ffcf0ed0000 - 0x00007ffcf0fe1000 	C:\WINDOWS\System32\ucrtbase.dll
0x00007ffcd7f60000 - 0x00007ffcd8205000 	C:\WINDOWS\WinSxS\amd64_microsoft.windows.common-controls_6595b64144ccf1df_6.0.22000.120_none_9d947278b86cc467\COMCTL32.dll
0x00007ffcf2ec0000 - 0x00007ffcf2ef2000 	C:\WINDOWS\System32\IMM32.DLL
0x00007ffcea450000 - 0x00007ffcea465000 	C:\Program Files\Java\jre1.8.0_341\bin\vcruntime140.dll
0x00007ffcb9020000 - 0x00007ffcb90bb000 	C:\Program Files\Java\jre1.8.0_341\bin\msvcp140.dll
0x0000000056230000 - 0x0000000056a91000 	C:\Program Files\Java\jre1.8.0_341\bin\server\jvm.dll
0x00007ffcf1e60000 - 0x00007ffcf1e68000 	C:\WINDOWS\System32\PSAPI.DLL
0x00007ffcea420000 - 0x00007ffcea429000 	C:\WINDOWS\SYSTEM32\WSOCK32.dll
0x00007ffce8c20000 - 0x00007ffce8c2a000 	C:\WINDOWS\SYSTEM32\VERSION.dll
0x00007ffce9570000 - 0x00007ffce95a3000 	C:\WINDOWS\SYSTEM32\WINMM.dll
0x00007ffcf31a0000 - 0x00007ffcf320f000 	C:\WINDOWS\System32\WS2_32.dll
0x00007ffcefa30000 - 0x00007ffcefa48000 	C:\WINDOWS\SYSTEM32\kernel.appcore.dll
0x00007ffcec810000 - 0x00007ffcec820000 	C:\Program Files\Java\jre1.8.0_341\bin\verify.dll
0x00007ffcd39e0000 - 0x00007ffcd3a0b000 	C:\Program Files\Java\jre1.8.0_341\bin\java.dll
0x00007ffcea3f0000 - 0x00007ffcea408000 	C:\Program Files\Java\jre1.8.0_341\bin\zip.dll
0x00007ffcf2700000 - 0x00007ffcf2eb8000 	C:\WINDOWS\System32\SHELL32.dll
0x00007ffceeaa0000 - 0x00007ffcef305000 	C:\WINDOWS\SYSTEM32\windows.storage.dll
0x00007ffcf1fc0000 - 0x00007ffcf2338000 	C:\WINDOWS\System32\combase.dll
0x00007ffcee930000 - 0x00007ffceea96000 	C:\WINDOWS\SYSTEM32\wintypes.dll
0x00007ffcf2f00000 - 0x00007ffcf2fea000 	C:\WINDOWS\System32\SHCORE.dll
0x00007ffcf1d20000 - 0x00007ffcf1d7d000 	C:\WINDOWS\System32\shlwapi.dll
0x00007ffcf08e0000 - 0x00007ffcf0901000 	C:\WINDOWS\SYSTEM32\profapi.dll
0x00007ffcaed10000 - 0x00007ffcaeea5000 	C:\Program Files\Java\jre1.8.0_341\bin\awt.dll
0x00007ffcf1d80000 - 0x00007ffcf1e56000 	C:\WINDOWS\System32\OLEAUT32.dll
0x00007ffcedc30000 - 0x00007ffcedcc2000 	C:\WINDOWS\SYSTEM32\apphelp.dll
0x00007ffcee2c0000 - 0x00007ffcee2ef000 	C:\WINDOWS\system32\DWMAPI.DLL
0x00007ffcedd70000 - 0x00007ffcede1c000 	C:\WINDOWS\system32\uxtheme.dll
0x00007ffcde460000 - 0x00007ffcde561000 	C:\WINDOWS\system32\opengl32.dll
0x00007ffcde430000 - 0x00007ffcde45d000 	C:\WINDOWS\SYSTEM32\GLU32.dll
0x00007ffcede50000 - 0x00007ffcede88000 	C:\WINDOWS\SYSTEM32\dxcore.dll
0x00007ffcf25c0000 - 0x00007ffcf26dd000 	C:\WINDOWS\System32\MSCTF.dll
0x00007ffcf3210000 - 0x00007ffcf33aa000 	C:\WINDOWS\System32\ole32.dll
0x00007ffcf0e50000 - 0x00007ffcf0ecf000 	C:\WINDOWS\System32\bcryptPrimitives.dll
0x00007ffcb8fd0000 - 0x00007ffcb9019000 	C:\Program Files\Java\jre1.8.0_341\bin\fontmanager.dll
0x00007ffcdcde0000 - 0x00007ffcdcf0d000 	C:\WINDOWS\SYSTEM32\textinputframework.dll
0x00007ffce1340000 - 0x00007ffce135c000 	C:\Program Files\Java\jre1.8.0_341\bin\net.dll
0x00007ffcefed0000 - 0x00007ffceff37000 	C:\WINDOWS\system32\mswsock.dll
0x00007ffcdeb20000 - 0x00007ffcdeb33000 	C:\Program Files\Java\jre1.8.0_341\bin\nio.dll
0x00007ffcb90f0000 - 0x00007ffcb9133000 	C:\Program Files\Java\jre1.8.0_341\bin\t2k.dll
0x00007ffced960000 - 0x00007ffceda91000 	C:\WINDOWS\SYSTEM32\CoreMessaging.dll
0x00007ffce7ff0000 - 0x00007ffce835d000 	C:\WINDOWS\SYSTEM32\CoreUIComponents.dll
0x00007ffcf0110000 - 0x00007ffcf011c000 	C:\WINDOWS\SYSTEM32\CRYPTBASE.DLL
0x00007ffcddbc0000 - 0x00007ffcddc6e000 	C:\WINDOWS\SYSTEM32\TextShaping.dll
0x00007ffcee6e0000 - 0x00007ffcee901000 	C:\WINDOWS\SYSTEM32\dbghelp.dll

VM Arguments:
jvm_args: -Dfile.encoding=windows-1252 
java_command: Janelas.Main
java_class_path (initial): C:\Users\atila\OneDrive\Área de Trabalho\TECprog\Prova3\bin
Launcher Type: SUN_STANDARD

Environment Variables:
PATH=C:/Users/atila/.p2/pool/plugins/org.eclipse.justj.openjdk.hotspot.jre.full.win32.x86_64_17.0.4.v20221004-1257/jre/bin/server;C:/Users/atila/.p2/pool/plugins/org.eclipse.justj.openjdk.hotspot.jre.full.win32.x86_64_17.0.4.v20221004-1257/jre/bin;C:\Program Files (x86)\Common Files\Oracle\Java\javapath;C:\Program Files (x86)\Intel\Intel(R) Management Engine Components\iCLS\;C:\Program Files\Intel\Intel(R) Management Engine Components\iCLS\;C:\WINDOWS\system32;C:\WINDOWS;C:\WINDOWS\System32\Wbem;C:\WINDOWS\System32\WindowsPowerShell\v1.0\;C:\WINDOWS\System32\OpenSSH\;C:\Program Files (x86)\Intel\Intel(R) Management Engine Components\DAL;C:\Program Files\Intel\Intel(R) Management Engine Components\DAL;C:\Program Files (x86)\Intel\Intel(R) Management Engine Components\IPT;C:\Program Files\Intel\Intel(R) Management Engine Components\IPT;C:\Users\atila\AppData\Local\Microsoft\WindowsApps;;C:\WINDOWS\system32;
USERNAME=atila
OS=Windows_NT
PROCESSOR_IDENTIFIER=Intel64 Family 6 Model 142 Stepping 10, GenuineIntel



---------------  S Y S T E M  ---------------

OS: Windows 11 , 64 bit Build 22000 (10.0.22000.1219)

CPU:total 8 (initial active 8) (4 cores per cpu, 2 threads per core) family 6 model 142 stepping 10, cmov, cx8, fxsr, mmx, sse, sse2, sse3, ssse3, sse4.1, sse4.2, popcnt, avx, avx2, aes, clmul, erms, 3dnowpref, lzcnt, ht, tsc, tscinvbit, bmi1, bmi2, adx

Memory: 4k page, physical 8295652k(1591008k free), swap 33461476k(0k free)

vm_info: Java HotSpot(TM) 64-Bit Server VM (25.341-b10) for windows-amd64 JRE (1.8.0_341-b10), built on Jun 16 2022 15:51:07 by "java_re" with MS VC++ 15.9 (VS2017)

time: Thu Dec  8 21:58:57 2022
timezone: Hora Padrão de Buenos Aires
elapsed time: 107209.515364 seconds (1d 5h 46m 49s)

