#
# There is insufficient memory for the Java Runtime Environment to continue.
# Native memory allocation (malloc) failed to allocate 32744 bytes for ChunkPool::allocate
# Possible reasons:
#   The system is out of physical RAM or swap space
#   The process is running with CompressedOops enabled, and the Java Heap may be blocking the growth of the native heap
# Possible solutions:
#   Reduce memory load on the system
#   Increase physical memory or swap space
#   Check if swap backing store is full
#   Decrease Java heap size (-Xmx/-Xms)
#   Decrease number of Java threads
#   Decrease Java thread stack sizes (-Xss)
#   Set larger code cache with -XX:ReservedCodeCacheSize=
#   JVM is running with Unscaled Compressed Oops mode in which the Java heap is
#     placed in the first 4GB address space. The Java Heap base address is the
#     maximum limit for the native heap growth. Please use -XX:HeapBaseMinAddress
#     to set the Java Heap base and to place the Java Heap above 4GB virtual address.
# This output file may be truncated or incomplete.
#
#  Out of Memory Error (allocation.cpp:272), pid=24728, tid=0x000000000000625c
#
# JRE version: Java(TM) SE Runtime Environment (8.0_341-b10) (build 1.8.0_341-b10)
# Java VM: Java HotSpot(TM) 64-Bit Server VM (25.341-b10 mixed mode windows-amd64 compressed oops)
# Failed to write core dump. Minidumps are not enabled by default on client versions of Windows
#

---------------  T H R E A D  ---------------

Current thread (0x000001d16f125000):  JavaThread "C1 CompilerThread3" daemon [_thread_in_native, id=25180, stack(0x0000007b65100000,0x0000007b65200000)]

Stack: [0x0000007b65100000,0x0000007b65200000]
Native frames: (J=compiled Java code, j=interpreted, Vv=VM code, C=native code)
V  [jvm.dll+0x32fa99]


Current CompileTask:
C1:105842056  455       3       java.awt.Color::testColorValueRange (186 bytes)


---------------  P R O C E S S  ---------------

Java Threads: ( => current thread )
  0x000001d17114a000 JavaThread "TimerQueue" daemon [_thread_blocked, id=25352, stack(0x0000007b65b00000,0x0000007b65c00000)]
  0x000001d1583c3000 JavaThread "DestroyJavaVM" [_thread_blocked, id=24980, stack(0x0000007b64000000,0x0000007b64100000)]
  0x000001d1708dc000 JavaThread "AWT-EventQueue-0" [_thread_blocked, id=18988, stack(0x0000007b65700000,0x0000007b65800000)]
  0x000001d1708b6000 JavaThread "AWT-Windows" daemon [_thread_in_native, id=25324, stack(0x0000007b65600000,0x0000007b65700000)]
  0x000001d1708b1800 JavaThread "AWT-Shutdown" [_thread_blocked, id=25320, stack(0x0000007b65500000,0x0000007b65600000)]
  0x000001d1708ae800 JavaThread "Java2D Disposer" daemon [_thread_blocked, id=25316, stack(0x0000007b65400000,0x0000007b65500000)]
  0x000001d16f19d000 JavaThread "Service Thread" daemon [_thread_blocked, id=25184, stack(0x0000007b65200000,0x0000007b65300000)]
=>0x000001d16f125000 JavaThread "C1 CompilerThread3" daemon [_thread_in_native, id=25180, stack(0x0000007b65100000,0x0000007b65200000)]
  0x000001d16f124800 JavaThread "C2 CompilerThread2" daemon [_thread_blocked, id=25168, stack(0x0000007b65000000,0x0000007b65100000)]
  0x000001d16f122000 JavaThread "C2 CompilerThread1" daemon [_thread_blocked, id=25152, stack(0x0000007b64f00000,0x0000007b65000000)]
  0x000001d16f115800 JavaThread "C2 CompilerThread0" daemon [_thread_blocked, id=25160, stack(0x0000007b64e00000,0x0000007b64f00000)]
  0x000001d16f110800 JavaThread "Attach Listener" daemon [_thread_blocked, id=25164, stack(0x0000007b64d00000,0x0000007b64e00000)]
  0x000001d16f119000 JavaThread "Signal Dispatcher" daemon [_thread_blocked, id=25156, stack(0x0000007b64c00000,0x0000007b64d00000)]
  0x000001d16f0f3800 JavaThread "Finalizer" daemon [_thread_blocked, id=25044, stack(0x0000007b64b00000,0x0000007b64c00000)]
  0x000001d16f0cb800 JavaThread "Reference Handler" daemon [_thread_blocked, id=24884, stack(0x0000007b64a00000,0x0000007b64b00000)]

Other Threads:
  0x000001d16f0c1800 VMThread [stack: 0x0000007b64900000,0x0000007b64a00000] [id=7176]
  0x000001d17051f000 WatcherThread [stack: 0x0000007b65300000,0x0000007b65400000] [id=25244]

VM state:not at safepoint (normal execution)

VM Mutex/Monitor currently owned by a thread: None

heap address: 0x0000000081600000, size: 2026 MB, Compressed Oops mode: 32-bit
Narrow klass base: 0x0000000000000000, Narrow klass shift: 3
Compressed class space size: 1073741824 Address: 0x0000000100000000

Heap:
 PSYoungGen      total 38400K, used 8191K [0x00000000d5d00000, 0x00000000d8780000, 0x0000000100000000)
  eden space 33280K, 24% used [0x00000000d5d00000,0x00000000d64ffc58,0x00000000d7d80000)
  from space 5120K, 0% used [0x00000000d8280000,0x00000000d8280000,0x00000000d8780000)
  to   space 5120K, 0% used [0x00000000d7d80000,0x00000000d7d80000,0x00000000d8280000)
 ParOldGen       total 87552K, used 0K [0x0000000081600000, 0x0000000086b80000, 0x00000000d5d00000)
  object space 87552K, 0% used [0x0000000081600000,0x0000000081600000,0x0000000086b80000)
 Metaspace       used 9682K, capacity 9856K, committed 10112K, reserved 1058816K
  class space    used 1238K, capacity 1322K, committed 1408K, reserved 1048576K

Card table byte_map: [0x000001d1691c0000,0x000001d1695c0000] byte_map_base: 0x000001d168db5000

Marking Bits: (ParMarkBitMap*) 0x0000000056a19030
 Begin Bits: [0x000001d169870000, 0x000001d16b818000)
 End Bits:   [0x000001d16b818000, 0x000001d16d7c0000)

Polling page: 0x000001d159dd0000

CodeCache: size=245760Kb used=1976Kb max_used=1984Kb free=243783Kb
 bounds [0x000001d159e00000, 0x000001d15a070000, 0x000001d168e00000]
 total_blobs=909 nmethods=454 adapters=368
 compilation: enabled

Compilation events (10 events):
Event: 88098.141 Thread 0x000001d16f125000 nmethod 450 0x000001d159fe9a50 code [0x000001d159fe9bc0, 0x000001d159fe9f58]
Event: 89711.490 Thread 0x000001d16f125000  451  s    3       sun.awt.windows.WDesktopProperties::setIntegerProperty (76 bytes)
Event: 89711.492 Thread 0x000001d16f125000 nmethod 451 0x000001d159fec750 code [0x000001d159fec9c0, 0x000001d159fed960]
Event: 89712.023 Thread 0x000001d16f115800  452       4       java.util.HashMap::put (13 bytes)
Event: 89712.024 Thread 0x000001d16f115800 nmethod 452 0x000001d159fe7810 code [0x000001d159fe7960, 0x000001d159fe7a68]
Event: 89712.794 Thread 0x000001d16f125000  453       3       java.security.AccessControlContext::combine (205 bytes)
Event: 89712.917 Thread 0x000001d16f124800  454       4       java.util.HashMap::get (23 bytes)
Event: 89712.923 Thread 0x000001d16f124800 nmethod 454 0x000001d159fe8f50 code [0x000001d159fe90c0, 0x000001d159fe9618]
Event: 89713.007 Thread 0x000001d16f125000 nmethod 453 0x000001d159ff1a10 code [0x000001d159ff1c00, 0x000001d159ff2700]
Event: 105841.363 Thread 0x000001d16f125000  455       3       java.awt.Color::testColorValueRange (186 bytes)

GC Heap History (0 events):
No events

Deoptimization events (0 events):
No events

Classes redefined (0 events):
No events

Internal exceptions (8 events):
Event: 0.030 Thread 0x000001d1583c3000 Exception <a 'java/lang/NoSuchMethodError': Method sun.misc.Unsafe.defineClass(Ljava/lang/String;[BII)Ljava/lang/Class; name or signature does not match> (0x00000000d5d07cc8) thrown at [C:\jenkins\workspace\8-2-build-windows-x64-cygwin\jdk8u341\2692\hotsp
Event: 0.030 Thread 0x000001d1583c3000 Exception <a 'java/lang/NoSuchMethodError': Method sun.misc.Unsafe.prefetchRead(Ljava/lang/Object;J)V name or signature does not match> (0x00000000d5d07fb0) thrown at [C:\jenkins\workspace\8-2-build-windows-x64-cygwin\jdk8u341\2692\hotspot\src\share\vm\pr
Event: 0.079 Thread 0x000001d1583c3000 Exception <a 'java/security/PrivilegedActionException'> (0x00000000d5d87330) thrown at [C:\jenkins\workspace\8-2-build-windows-x64-cygwin\jdk8u341\2692\hotspot\src\share\vm\prims\jvm.cpp, line 1523]
Event: 0.079 Thread 0x000001d1583c3000 Exception <a 'java/security/PrivilegedActionException'> (0x00000000d5d87540) thrown at [C:\jenkins\workspace\8-2-build-windows-x64-cygwin\jdk8u341\2692\hotspot\src\share\vm\prims\jvm.cpp, line 1523]
Event: 0.087 Thread 0x000001d1583c3000 Exception <a 'java/io/FileNotFoundException'> (0x00000000d5d8e960) thrown at [C:\jenkins\workspace\8-2-build-windows-x64-cygwin\jdk8u341\2692\hotspot\src\share\vm\prims\jni.cpp, line 710]
Event: 0.112 Thread 0x000001d1583c3000 Exception <a 'java/lang/NoSuchFieldError': method resolution failed> (0x00000000d5f05bd8) thrown at [C:\jenkins\workspace\8-2-build-windows-x64-cygwin\jdk8u341\2692\hotspot\src\share\vm\prims\methodHandles.cpp, line 1188]
Event: 0.113 Thread 0x000001d1583c3000 Exception <a 'java/lang/NoSuchFieldError': method resolution failed> (0x00000000d5f12fa8) thrown at [C:\jenkins\workspace\8-2-build-windows-x64-cygwin\jdk8u341\2692\hotspot\src\share\vm\prims\methodHandles.cpp, line 1188]
Event: 0.145 Thread 0x000001d1583c3000 Exception <a 'java/io/FileNotFoundException'> (0x00000000d5fae8a0) thrown at [C:\jenkins\workspace\8-2-build-windows-x64-cygwin\jdk8u341\2692\hotspot\src\share\vm\prims\jni.cpp, line 710]

Events (10 events):
Event: 0.921 loading class javax/swing/Timer$1
Event: 0.922 loading class javax/swing/Timer$1 done
Event: 1.225 loading class java/awt/LightweightDispatcher$2
Event: 1.225 loading class java/awt/LightweightDispatcher$2 done
Event: 4.103 Executing VM operation: EnableBiasedLocking
Event: 4.104 Executing VM operation: EnableBiasedLocking done
Event: 4.232 loading class java/awt/KeyboardFocusManager$2
Event: 4.232 loading class java/awt/KeyboardFocusManager$2 done
Event: 4.232 loading class sun/awt/SunToolkit$1
Event: 4.232 loading class sun/awt/SunToolkit$1 done


Dynamic libraries:
0x00007ff6ffbf0000 - 0x00007ff6ffc37000 	C:\Program Files\Java\jre1.8.0_341\bin\javaw.exe
0x00007ffcf34e0000 - 0x00007ffcf36e9000 	C:\WINDOWS\SYSTEM32\ntdll.dll
0x00007ffcf1e90000 - 0x00007ffcf1f4e000 	C:\WINDOWS\System32\KERNEL32.DLL
0x00007ffcf09b0000 - 0x00007ffcf0d2b000 	C:\WINDOWS\System32\KERNELBASE.dll
0x00007ffcf23d0000 - 0x00007ffcf247e000 	C:\WINDOWS\System32\ADVAPI32.dll
0x00007ffcf19a0000 - 0x00007ffcf1a43000 	C:\WINDOWS\System32\msvcrt.dll
0x00007ffcf1360000 - 0x00007ffcf13fe000 	C:\WINDOWS\System32\sechost.dll
0x00007ffcf24a0000 - 0x00007ffcf25c0000 	C:\WINDOWS\System32\RPCRT4.dll
0x00007ffcf2ff0000 - 0x00007ffcf319d000 	C:\WINDOWS\System32\USER32.dll
0x00007ffcf10b0000 - 0x00007ffcf10d6000 	C:\WINDOWS\System32\win32u.dll
0x00007ffcf23a0000 - 0x00007ffcf23c9000 	C:\WINDOWS\System32\GDI32.dll
0x00007ffcf0d30000 - 0x00007ffcf0e48000 	C:\WINDOWS\System32\gdi32full.dll
0x00007ffcf12c0000 - 0x00007ffcf135d000 	C:\WINDOWS\System32\msvcp_win.dll
0x00007ffcf0ed0000 - 0x00007ffcf0fe1000 	C:\WINDOWS\System32\ucrtbase.dll
0x00007ffcd7f60000 - 0x00007ffcd8205000 	C:\WINDOWS\WinSxS\amd64_microsoft.windows.common-controls_6595b64144ccf1df_6.0.22000.120_none_9d947278b86cc467\COMCTL32.dll
0x00007ffcf2ec0000 - 0x00007ffcf2ef2000 	C:\WINDOWS\System32\IMM32.DLL
0x00007ffcea450000 - 0x00007ffcea465000 	C:\Program Files\Java\jre1.8.0_341\bin\vcruntime140.dll
0x00007ffcb9020000 - 0x00007ffcb90bb000 	C:\Program Files\Java\jre1.8.0_341\bin\msvcp140.dll
0x0000000056230000 - 0x0000000056a91000 	C:\Program Files\Java\jre1.8.0_341\bin\server\jvm.dll
0x00007ffcf1e60000 - 0x00007ffcf1e68000 	C:\WINDOWS\System32\PSAPI.DLL
0x00007ffce9570000 - 0x00007ffce95a3000 	C:\WINDOWS\SYSTEM32\WINMM.dll
0x00007ffcea420000 - 0x00007ffcea429000 	C:\WINDOWS\SYSTEM32\WSOCK32.dll
0x00007ffce8c20000 - 0x00007ffce8c2a000 	C:\WINDOWS\SYSTEM32\VERSION.dll
0x00007ffcf31a0000 - 0x00007ffcf320f000 	C:\WINDOWS\System32\WS2_32.dll
0x00007ffcefa30000 - 0x00007ffcefa48000 	C:\WINDOWS\SYSTEM32\kernel.appcore.dll
0x00007ffcec810000 - 0x00007ffcec820000 	C:\Program Files\Java\jre1.8.0_341\bin\verify.dll
0x00007ffcd39e0000 - 0x00007ffcd3a0b000 	C:\Program Files\Java\jre1.8.0_341\bin\java.dll
0x00007ffcea3f0000 - 0x00007ffcea408000 	C:\Program Files\Java\jre1.8.0_341\bin\zip.dll
0x00007ffcf2700000 - 0x00007ffcf2eb8000 	C:\WINDOWS\System32\SHELL32.dll
0x00007ffceeaa0000 - 0x00007ffcef305000 	C:\WINDOWS\SYSTEM32\windows.storage.dll
0x00007ffcf1fc0000 - 0x00007ffcf2338000 	C:\WINDOWS\System32\combase.dll
0x00007ffcee930000 - 0x00007ffceea96000 	C:\WINDOWS\SYSTEM32\wintypes.dll
0x00007ffcf2f00000 - 0x00007ffcf2fea000 	C:\WINDOWS\System32\SHCORE.dll
0x00007ffcf1d20000 - 0x00007ffcf1d7d000 	C:\WINDOWS\System32\shlwapi.dll
0x00007ffcf08e0000 - 0x00007ffcf0901000 	C:\WINDOWS\SYSTEM32\profapi.dll
0x00007ffcaed10000 - 0x00007ffcaeea5000 	C:\Program Files\Java\jre1.8.0_341\bin\awt.dll
0x00007ffcf1d80000 - 0x00007ffcf1e56000 	C:\WINDOWS\System32\OLEAUT32.dll
0x00007ffcedc30000 - 0x00007ffcedcc2000 	C:\WINDOWS\SYSTEM32\apphelp.dll
0x00007ffcee2c0000 - 0x00007ffcee2ef000 	C:\WINDOWS\system32\DWMAPI.DLL
0x00007ffcedd70000 - 0x00007ffcede1c000 	C:\WINDOWS\system32\uxtheme.dll
0x00007ffcde460000 - 0x00007ffcde561000 	C:\WINDOWS\system32\opengl32.dll
0x00007ffcde430000 - 0x00007ffcde45d000 	C:\WINDOWS\SYSTEM32\GLU32.dll
0x00007ffcede50000 - 0x00007ffcede88000 	C:\WINDOWS\SYSTEM32\dxcore.dll
0x00007ffcf25c0000 - 0x00007ffcf26dd000 	C:\WINDOWS\System32\MSCTF.dll
0x00007ffcf3210000 - 0x00007ffcf33aa000 	C:\WINDOWS\System32\ole32.dll
0x00007ffcf0e50000 - 0x00007ffcf0ecf000 	C:\WINDOWS\System32\bcryptPrimitives.dll
0x00007ffcb8fd0000 - 0x00007ffcb9019000 	C:\Program Files\Java\jre1.8.0_341\bin\fontmanager.dll
0x00007ffcf1460000 - 0x00007ffcf1515000 	C:\WINDOWS\System32\clbcatq.dll
0x00007ffce5460000 - 0x00007ffce560e000 	C:\WINDOWS\SYSTEM32\WindowsCodecs.dll
0x00007ffcc6e80000 - 0x00007ffcc6edd000 	C:\WINDOWS\system32\dataexchange.dll
0x00007ffce4100000 - 0x00007ffce4366000 	C:\WINDOWS\system32\twinapi.appcore.dll
0x00007ffcdcde0000 - 0x00007ffcdcf0d000 	C:\WINDOWS\SYSTEM32\textinputframework.dll
0x00007ffce1340000 - 0x00007ffce135c000 	C:\Program Files\Java\jre1.8.0_341\bin\net.dll
0x00007ffcefed0000 - 0x00007ffceff37000 	C:\WINDOWS\system32\mswsock.dll
0x00007ffcdeb20000 - 0x00007ffcdeb33000 	C:\Program Files\Java\jre1.8.0_341\bin\nio.dll
0x00007ffcb90f0000 - 0x00007ffcb9133000 	C:\Program Files\Java\jre1.8.0_341\bin\t2k.dll
0x00007ffced960000 - 0x00007ffceda91000 	C:\WINDOWS\SYSTEM32\CoreMessaging.dll
0x00007ffce7ff0000 - 0x00007ffce835d000 	C:\WINDOWS\SYSTEM32\CoreUIComponents.dll
0x00007ffcf0110000 - 0x00007ffcf011c000 	C:\WINDOWS\SYSTEM32\CRYPTBASE.DLL
0x00007ffcddbc0000 - 0x00007ffcddc6e000 	C:\WINDOWS\SYSTEM32\TextShaping.dll
0x00007ffcee6e0000 - 0x00007ffcee901000 	C:\WINDOWS\SYSTEM32\dbghelp.dll

VM Arguments:
jvm_args: -Dfile.encoding=windows-1252 
java_command: Janelas.Main
java_class_path (initial): C:\Users\atila\OneDrive\Área de Trabalho\TECprog\Prova3\bin
Launcher Type: SUN_STANDARD

Environment Variables:
PATH=C:/Users/atila/.p2/pool/plugins/org.eclipse.justj.openjdk.hotspot.jre.full.win32.x86_64_17.0.4.v20221004-1257/jre/bin/server;C:/Users/atila/.p2/pool/plugins/org.eclipse.justj.openjdk.hotspot.jre.full.win32.x86_64_17.0.4.v20221004-1257/jre/bin;C:\Program Files (x86)\Common Files\Oracle\Java\javapath;C:\Program Files (x86)\Intel\Intel(R) Management Engine Components\iCLS\;C:\Program Files\Intel\Intel(R) Management Engine Components\iCLS\;C:\WINDOWS\system32;C:\WINDOWS;C:\WINDOWS\System32\Wbem;C:\WINDOWS\System32\WindowsPowerShell\v1.0\;C:\WINDOWS\System32\OpenSSH\;C:\Program Files (x86)\Intel\Intel(R) Management Engine Components\DAL;C:\Program Files\Intel\Intel(R) Management Engine Components\DAL;C:\Program Files (x86)\Intel\Intel(R) Management Engine Components\IPT;C:\Program Files\Intel\Intel(R) Management Engine Components\IPT;C:\Users\atila\AppData\Local\Microsoft\WindowsApps;;C:\WINDOWS\system32;
USERNAME=atila
OS=Windows_NT
PROCESSOR_IDENTIFIER=Intel64 Family 6 Model 142 Stepping 10, GenuineIntel



---------------  S Y S T E M  ---------------

OS: Windows 11 , 64 bit Build 22000 (10.0.22000.1219)

CPU:total 8 (initial active 8) (4 cores per cpu, 2 threads per core) family 6 model 142 stepping 10, cmov, cx8, fxsr, mmx, sse, sse2, sse3, ssse3, sse4.1, sse4.2, popcnt, avx, avx2, aes, clmul, erms, 3dnowpref, lzcnt, ht, tsc, tscinvbit, bmi1, bmi2, adx

Memory: 4k page, physical 8295652k(1598828k free), swap 33461476k(64k free)

vm_info: Java HotSpot(TM) 64-Bit Server VM (25.341-b10) for windows-amd64 JRE (1.8.0_341-b10), built on Jun 16 2022 15:51:07 by "java_re" with MS VC++ 15.9 (VS2017)

time: Thu Dec  8 21:58:56 2022
timezone: Hora Padrão de Buenos Aires
elapsed time: 105842.075387 seconds (1d 5h 24m 2s)

